06/06/2014 10:20:34About to connect and call list with directory [/v6/20140606101925936_53510]
06/06/2014 10:20:34Connected To Remote Server [1] with response []
06/06/2014 10:20:35Logged in to Remote Server [1] with response []
06/06/2014 10:20:36Checking if issue exists.......
06/06/2014 10:20:36No Issue exists
06/06/2014 10:20:39About to call uploadFiles
06/06/2014 10:20:39Queued File for Transfer [C:/Users/jesus/Documents/GitHub/nazarenoydolorescoronada/Publicaciones/Boletines/20140606101925936_53510.zip] has status [Transferring]
06/06/2014 10:20:41Bytes Written [262144] Total Bytes [10582209] For File [C:/Users/jesus/Documents/GitHub/nazarenoydolorescoronada/Publicaciones/Boletines/20140606101925936_53510.zip]
06/06/2014 10:20:41Bytes Written [524288] Total Bytes [10582209] For File [C:/Users/jesus/Documents/GitHub/nazarenoydolorescoronada/Publicaciones/Boletines/20140606101925936_53510.zip]
06/06/2014 10:20:46Bytes Written [786432] Total Bytes [10582209] For File [C:/Users/jesus/Documents/GitHub/nazarenoydolorescoronada/Publicaciones/Boletines/20140606101925936_53510.zip]
06/06/2014 10:20:50Bytes Written [1048576] Total Bytes [10582209] For File [C:/Users/jesus/Documents/GitHub/nazarenoydolorescoronada/Publicaciones/Boletines/20140606101925936_53510.zip]
06/06/2014 10:20:54Bytes Written [1310720] Total Bytes [10582209] For File [C:/Users/jesus/Documents/GitHub/nazarenoydolorescoronada/Publicaciones/Boletines/20140606101925936_53510.zip]
06/06/2014 10:20:58Bytes Written [1572864] Total Bytes [10582209] For File [C:/Users/jesus/Documents/GitHub/nazarenoydolorescoronada/Publicaciones/Boletines/20140606101925936_53510.zip]
06/06/2014 10:21:03Bytes Written [1835008] Total Bytes [10582209] For File [C:/Users/jesus/Documents/GitHub/nazarenoydolorescoronada/Publicaciones/Boletines/20140606101925936_53510.zip]
06/06/2014 10:21:07Bytes Written [2097152] Total Bytes [10582209] For File [C:/Users/jesus/Documents/GitHub/nazarenoydolorescoronada/Publicaciones/Boletines/20140606101925936_53510.zip]
06/06/2014 10:21:11Bytes Written [2359296] Total Bytes [10582209] For File [C:/Users/jesus/Documents/GitHub/nazarenoydolorescoronada/Publicaciones/Boletines/20140606101925936_53510.zip]
06/06/2014 10:21:16Bytes Written [2621440] Total Bytes [10582209] For File [C:/Users/jesus/Documents/GitHub/nazarenoydolorescoronada/Publicaciones/Boletines/20140606101925936_53510.zip]
06/06/2014 10:21:19Bytes Written [2883584] Total Bytes [10582209] For File [C:/Users/jesus/Documents/GitHub/nazarenoydolorescoronada/Publicaciones/Boletines/20140606101925936_53510.zip]
06/06/2014 10:21:23Bytes Written [3145728] Total Bytes [10582209] For File [C:/Users/jesus/Documents/GitHub/nazarenoydolorescoronada/Publicaciones/Boletines/20140606101925936_53510.zip]
06/06/2014 10:21:28Bytes Written [3407872] Total Bytes [10582209] For File [C:/Users/jesus/Documents/GitHub/nazarenoydolorescoronada/Publicaciones/Boletines/20140606101925936_53510.zip]
06/06/2014 10:21:33Bytes Written [3670016] Total Bytes [10582209] For File [C:/Users/jesus/Documents/GitHub/nazarenoydolorescoronada/Publicaciones/Boletines/20140606101925936_53510.zip]
06/06/2014 10:21:36Bytes Written [3932160] Total Bytes [10582209] For File [C:/Users/jesus/Documents/GitHub/nazarenoydolorescoronada/Publicaciones/Boletines/20140606101925936_53510.zip]
06/06/2014 10:21:40Bytes Written [4194304] Total Bytes [10582209] For File [C:/Users/jesus/Documents/GitHub/nazarenoydolorescoronada/Publicaciones/Boletines/20140606101925936_53510.zip]
06/06/2014 10:21:44Bytes Written [4456448] Total Bytes [10582209] For File [C:/Users/jesus/Documents/GitHub/nazarenoydolorescoronada/Publicaciones/Boletines/20140606101925936_53510.zip]
06/06/2014 10:21:48Bytes Written [4718592] Total Bytes [10582209] For File [C:/Users/jesus/Documents/GitHub/nazarenoydolorescoronada/Publicaciones/Boletines/20140606101925936_53510.zip]
06/06/2014 10:21:52Bytes Written [4980736] Total Bytes [10582209] For File [C:/Users/jesus/Documents/GitHub/nazarenoydolorescoronada/Publicaciones/Boletines/20140606101925936_53510.zip]
06/06/2014 10:21:56Bytes Written [5242880] Total Bytes [10582209] For File [C:/Users/jesus/Documents/GitHub/nazarenoydolorescoronada/Publicaciones/Boletines/20140606101925936_53510.zip]
06/06/2014 10:22:00Bytes Written [5505024] Total Bytes [10582209] For File [C:/Users/jesus/Documents/GitHub/nazarenoydolorescoronada/Publicaciones/Boletines/20140606101925936_53510.zip]
06/06/2014 10:22:04Bytes Written [5767168] Total Bytes [10582209] For File [C:/Users/jesus/Documents/GitHub/nazarenoydolorescoronada/Publicaciones/Boletines/20140606101925936_53510.zip]
06/06/2014 10:22:08Bytes Written [6029312] Total Bytes [10582209] For File [C:/Users/jesus/Documents/GitHub/nazarenoydolorescoronada/Publicaciones/Boletines/20140606101925936_53510.zip]
06/06/2014 10:22:12Bytes Written [6291456] Total Bytes [10582209] For File [C:/Users/jesus/Documents/GitHub/nazarenoydolorescoronada/Publicaciones/Boletines/20140606101925936_53510.zip]
06/06/2014 10:22:15Bytes Written [6553600] Total Bytes [10582209] For File [C:/Users/jesus/Documents/GitHub/nazarenoydolorescoronada/Publicaciones/Boletines/20140606101925936_53510.zip]
06/06/2014 10:22:19Bytes Written [6815744] Total Bytes [10582209] For File [C:/Users/jesus/Documents/GitHub/nazarenoydolorescoronada/Publicaciones/Boletines/20140606101925936_53510.zip]
06/06/2014 10:22:23Bytes Written [7077888] Total Bytes [10582209] For File [C:/Users/jesus/Documents/GitHub/nazarenoydolorescoronada/Publicaciones/Boletines/20140606101925936_53510.zip]
06/06/2014 10:22:27Bytes Written [7340032] Total Bytes [10582209] For File [C:/Users/jesus/Documents/GitHub/nazarenoydolorescoronada/Publicaciones/Boletines/20140606101925936_53510.zip]
06/06/2014 10:22:31Bytes Written [7602176] Total Bytes [10582209] For File [C:/Users/jesus/Documents/GitHub/nazarenoydolorescoronada/Publicaciones/Boletines/20140606101925936_53510.zip]
06/06/2014 10:22:35Bytes Written [7864320] Total Bytes [10582209] For File [C:/Users/jesus/Documents/GitHub/nazarenoydolorescoronada/Publicaciones/Boletines/20140606101925936_53510.zip]
06/06/2014 10:22:39Bytes Written [8126464] Total Bytes [10582209] For File [C:/Users/jesus/Documents/GitHub/nazarenoydolorescoronada/Publicaciones/Boletines/20140606101925936_53510.zip]
06/06/2014 10:22:43Bytes Written [8388608] Total Bytes [10582209] For File [C:/Users/jesus/Documents/GitHub/nazarenoydolorescoronada/Publicaciones/Boletines/20140606101925936_53510.zip]
06/06/2014 10:22:47Bytes Written [8650752] Total Bytes [10582209] For File [C:/Users/jesus/Documents/GitHub/nazarenoydolorescoronada/Publicaciones/Boletines/20140606101925936_53510.zip]
06/06/2014 10:22:51Bytes Written [8912896] Total Bytes [10582209] For File [C:/Users/jesus/Documents/GitHub/nazarenoydolorescoronada/Publicaciones/Boletines/20140606101925936_53510.zip]
06/06/2014 10:22:55Bytes Written [9175040] Total Bytes [10582209] For File [C:/Users/jesus/Documents/GitHub/nazarenoydolorescoronada/Publicaciones/Boletines/20140606101925936_53510.zip]
06/06/2014 10:22:59Bytes Written [9437184] Total Bytes [10582209] For File [C:/Users/jesus/Documents/GitHub/nazarenoydolorescoronada/Publicaciones/Boletines/20140606101925936_53510.zip]
06/06/2014 10:23:03Bytes Written [9699328] Total Bytes [10582209] For File [C:/Users/jesus/Documents/GitHub/nazarenoydolorescoronada/Publicaciones/Boletines/20140606101925936_53510.zip]
06/06/2014 10:23:07Bytes Written [9961472] Total Bytes [10582209] For File [C:/Users/jesus/Documents/GitHub/nazarenoydolorescoronada/Publicaciones/Boletines/20140606101925936_53510.zip]
06/06/2014 10:23:11Bytes Written [10223616] Total Bytes [10582209] For File [C:/Users/jesus/Documents/GitHub/nazarenoydolorescoronada/Publicaciones/Boletines/20140606101925936_53510.zip]
06/06/2014 10:23:15Bytes Written [10485760] Total Bytes [10582209] For File [C:/Users/jesus/Documents/GitHub/nazarenoydolorescoronada/Publicaciones/Boletines/20140606101925936_53510.zip]
06/06/2014 10:23:19Bytes Written [10582209] Total Bytes [10582209] For File [C:/Users/jesus/Documents/GitHub/nazarenoydolorescoronada/Publicaciones/Boletines/20140606101925936_53510.zip]
06/06/2014 10:23:25Issue ZIP upload Completed in 2mins and 45secs. 1 successful, 0 failed
06/06/2014 10:23:27Checking for file [http://trial.3dissue.com/v6/20140606101925936_53510/fotos/zuploadinfo.xml]
06/06/2014 10:23:27HTTP Status Code is - 200
06/06/2014 10:23:27It took 0mins and %2secs to check for the unzip completed.
