06/06/2014 10:10:59About to connect and call list with directory [/v6/20140606100958723_53510]
06/06/2014 10:11:00Connected To Remote Server [1] with response []
06/06/2014 10:11:01Logged in to Remote Server [1] with response []
06/06/2014 10:11:03Checking if issue exists.......
06/06/2014 10:11:03No Issue exists
06/06/2014 10:11:06About to call uploadFiles
06/06/2014 10:11:06Queued File for Transfer [C:/Users/jesus/Documents/GitHub/nazarenoydolorescoronada/img/20140606100958723_53510.zip] has status [Transferring]
06/06/2014 10:11:09Bytes Written [262144] Total Bytes [10306763] For File [C:/Users/jesus/Documents/GitHub/nazarenoydolorescoronada/img/20140606100958723_53510.zip]
06/06/2014 10:11:09Bytes Written [524288] Total Bytes [10306763] For File [C:/Users/jesus/Documents/GitHub/nazarenoydolorescoronada/img/20140606100958723_53510.zip]
06/06/2014 10:11:14Bytes Written [786432] Total Bytes [10306763] For File [C:/Users/jesus/Documents/GitHub/nazarenoydolorescoronada/img/20140606100958723_53510.zip]
06/06/2014 10:11:19Bytes Written [1048576] Total Bytes [10306763] For File [C:/Users/jesus/Documents/GitHub/nazarenoydolorescoronada/img/20140606100958723_53510.zip]
06/06/2014 10:11:24Bytes Written [1310720] Total Bytes [10306763] For File [C:/Users/jesus/Documents/GitHub/nazarenoydolorescoronada/img/20140606100958723_53510.zip]
06/06/2014 10:11:28Bytes Written [1572864] Total Bytes [10306763] For File [C:/Users/jesus/Documents/GitHub/nazarenoydolorescoronada/img/20140606100958723_53510.zip]
06/06/2014 10:11:33Bytes Written [1835008] Total Bytes [10306763] For File [C:/Users/jesus/Documents/GitHub/nazarenoydolorescoronada/img/20140606100958723_53510.zip]
06/06/2014 10:11:38Bytes Written [2097152] Total Bytes [10306763] For File [C:/Users/jesus/Documents/GitHub/nazarenoydolorescoronada/img/20140606100958723_53510.zip]
06/06/2014 10:11:44Bytes Written [2359296] Total Bytes [10306763] For File [C:/Users/jesus/Documents/GitHub/nazarenoydolorescoronada/img/20140606100958723_53510.zip]
06/06/2014 10:11:48Bytes Written [2621440] Total Bytes [10306763] For File [C:/Users/jesus/Documents/GitHub/nazarenoydolorescoronada/img/20140606100958723_53510.zip]
06/06/2014 10:11:53Bytes Written [2883584] Total Bytes [10306763] For File [C:/Users/jesus/Documents/GitHub/nazarenoydolorescoronada/img/20140606100958723_53510.zip]
06/06/2014 10:11:58Bytes Written [3145728] Total Bytes [10306763] For File [C:/Users/jesus/Documents/GitHub/nazarenoydolorescoronada/img/20140606100958723_53510.zip]
06/06/2014 10:12:04Bytes Written [3407872] Total Bytes [10306763] For File [C:/Users/jesus/Documents/GitHub/nazarenoydolorescoronada/img/20140606100958723_53510.zip]
06/06/2014 10:12:08Bytes Written [3670016] Total Bytes [10306763] For File [C:/Users/jesus/Documents/GitHub/nazarenoydolorescoronada/img/20140606100958723_53510.zip]
06/06/2014 10:12:13Bytes Written [3932160] Total Bytes [10306763] For File [C:/Users/jesus/Documents/GitHub/nazarenoydolorescoronada/img/20140606100958723_53510.zip]
06/06/2014 10:12:18Bytes Written [4194304] Total Bytes [10306763] For File [C:/Users/jesus/Documents/GitHub/nazarenoydolorescoronada/img/20140606100958723_53510.zip]
06/06/2014 10:12:22Bytes Written [4456448] Total Bytes [10306763] For File [C:/Users/jesus/Documents/GitHub/nazarenoydolorescoronada/img/20140606100958723_53510.zip]
06/06/2014 10:12:26Bytes Written [4718592] Total Bytes [10306763] For File [C:/Users/jesus/Documents/GitHub/nazarenoydolorescoronada/img/20140606100958723_53510.zip]
06/06/2014 10:12:31Bytes Written [4980736] Total Bytes [10306763] For File [C:/Users/jesus/Documents/GitHub/nazarenoydolorescoronada/img/20140606100958723_53510.zip]
06/06/2014 10:12:36Bytes Written [5242880] Total Bytes [10306763] For File [C:/Users/jesus/Documents/GitHub/nazarenoydolorescoronada/img/20140606100958723_53510.zip]
06/06/2014 10:12:40Bytes Written [5505024] Total Bytes [10306763] For File [C:/Users/jesus/Documents/GitHub/nazarenoydolorescoronada/img/20140606100958723_53510.zip]
06/06/2014 10:12:44Bytes Written [5767168] Total Bytes [10306763] For File [C:/Users/jesus/Documents/GitHub/nazarenoydolorescoronada/img/20140606100958723_53510.zip]
06/06/2014 10:12:48Bytes Written [6029312] Total Bytes [10306763] For File [C:/Users/jesus/Documents/GitHub/nazarenoydolorescoronada/img/20140606100958723_53510.zip]
06/06/2014 10:12:52Bytes Written [6291456] Total Bytes [10306763] For File [C:/Users/jesus/Documents/GitHub/nazarenoydolorescoronada/img/20140606100958723_53510.zip]
06/06/2014 10:12:56Bytes Written [6553600] Total Bytes [10306763] For File [C:/Users/jesus/Documents/GitHub/nazarenoydolorescoronada/img/20140606100958723_53510.zip]
06/06/2014 10:13:01Bytes Written [6815744] Total Bytes [10306763] For File [C:/Users/jesus/Documents/GitHub/nazarenoydolorescoronada/img/20140606100958723_53510.zip]
06/06/2014 10:13:04Bytes Written [7077888] Total Bytes [10306763] For File [C:/Users/jesus/Documents/GitHub/nazarenoydolorescoronada/img/20140606100958723_53510.zip]
06/06/2014 10:13:09Bytes Written [7340032] Total Bytes [10306763] For File [C:/Users/jesus/Documents/GitHub/nazarenoydolorescoronada/img/20140606100958723_53510.zip]
06/06/2014 10:13:13Bytes Written [7602176] Total Bytes [10306763] For File [C:/Users/jesus/Documents/GitHub/nazarenoydolorescoronada/img/20140606100958723_53510.zip]
06/06/2014 10:13:17Bytes Written [7864320] Total Bytes [10306763] For File [C:/Users/jesus/Documents/GitHub/nazarenoydolorescoronada/img/20140606100958723_53510.zip]
06/06/2014 10:13:22Bytes Written [8126464] Total Bytes [10306763] For File [C:/Users/jesus/Documents/GitHub/nazarenoydolorescoronada/img/20140606100958723_53510.zip]
06/06/2014 10:13:27Bytes Written [8388608] Total Bytes [10306763] For File [C:/Users/jesus/Documents/GitHub/nazarenoydolorescoronada/img/20140606100958723_53510.zip]
06/06/2014 10:13:31Bytes Written [8650752] Total Bytes [10306763] For File [C:/Users/jesus/Documents/GitHub/nazarenoydolorescoronada/img/20140606100958723_53510.zip]
06/06/2014 10:13:35Bytes Written [8912896] Total Bytes [10306763] For File [C:/Users/jesus/Documents/GitHub/nazarenoydolorescoronada/img/20140606100958723_53510.zip]
06/06/2014 10:13:39Bytes Written [9175040] Total Bytes [10306763] For File [C:/Users/jesus/Documents/GitHub/nazarenoydolorescoronada/img/20140606100958723_53510.zip]
06/06/2014 10:13:43Bytes Written [9437184] Total Bytes [10306763] For File [C:/Users/jesus/Documents/GitHub/nazarenoydolorescoronada/img/20140606100958723_53510.zip]
06/06/2014 10:13:48Bytes Written [9699328] Total Bytes [10306763] For File [C:/Users/jesus/Documents/GitHub/nazarenoydolorescoronada/img/20140606100958723_53510.zip]
06/06/2014 10:13:52Bytes Written [9961472] Total Bytes [10306763] For File [C:/Users/jesus/Documents/GitHub/nazarenoydolorescoronada/img/20140606100958723_53510.zip]
06/06/2014 10:13:56Bytes Written [10223616] Total Bytes [10306763] For File [C:/Users/jesus/Documents/GitHub/nazarenoydolorescoronada/img/20140606100958723_53510.zip]
06/06/2014 10:14:01Bytes Written [10306763] Total Bytes [10306763] For File [C:/Users/jesus/Documents/GitHub/nazarenoydolorescoronada/img/20140606100958723_53510.zip]
06/06/2014 10:14:07Issue ZIP upload Completed in 3mins and 0secs. 1 successful, 0 failed
06/06/2014 10:14:09Checking for file [http://trial.3dissue.com/v6/20140606100958723_53510/fotos/zuploadinfo.xml]
06/06/2014 10:14:10HTTP Status Code is - 500
06/06/2014 10:14:10HTTP Status Code is not 200 retrying...
06/06/2014 10:14:10Checking for file [http://trial.3dissue.com/v6/20140606100958723_53510/fotos/zuploadinfo.xml]
06/06/2014 10:14:10HTTP Status Code is - 200
06/06/2014 10:14:10It took 0mins and %2secs to check for the unzip completed.
